This is pdfTeX, Version 3.14159265-2.6-1.40.21 (MiKTeX 2.9.7350 64-bit) (preloaded format=pdflatex 2020.3.23)  25 MAR 2020 06:00
entering extended mode
**./zapisz_pdf_funkcje.tex
(zapisz_pdf_funkcje.tex
LaTeX2e <2020-02-02> patch level 5
L3 programming layer <2020-03-06>
("C:\Users\Marcin Michalski\AppData\Local\Programs\MiKTeX 2.9\tex/latex/base\ar
ticle.cls"
Document Class: article 2019/12/20 v1.4l Standard LaTeX document class

("C:\Users\Marcin Michalski\AppData\Local\Programs\MiKTeX 2.9\tex/latex/base\si
ze11.clo"
File: size11.clo 2019/12/20 v1.4l Standard LaTeX file (size option)
)
\c@part=\count167
\c@section=\count168
\c@subsection=\count169
\c@subsubsection=\count170
\c@paragraph=\count171
\c@subparagraph=\count172
\c@figure=\count173
\c@table=\count174
\abovecaptionskip=\skip47
\belowcaptionskip=\skip48
\bibindent=\dimen134
)
("C:\Users\Marcin Michalski\AppData\Local\Programs\MiKTeX 2.9\tex/latex/pgfplot
s\pgfplots.sty"
("C:\Users\Marcin Michalski\AppData\Local\Programs\MiKTeX 2.9\tex/generic/pgfpl
ots\pgfplots.revision.tex")
Package: pgfplots 2020/02/29 v1.17 Data Visualization (1.17)

("C:\Users\Marcin Michalski\AppData\Local\Programs\MiKTeX 2.9\tex/latex/graphic
s\graphicx.sty"
Package: graphicx 2019/11/30 v1.2a Enhanced LaTeX Graphics (DPC,SPQR)

("C:\Users\Marcin Michalski\AppData\Local\Programs\MiKTeX 2.9\tex/latex/graphic
s\keyval.sty"
Package: keyval 2014/10/28 v1.15 key=value parser (DPC)
\KV@toks@=\toks15
)
("C:\Users\Marcin Michalski\AppData\Local\Programs\MiKTeX 2.9\tex/latex/graphic
s\graphics.sty"
Package: graphics 2019/11/30 v1.4a Standard LaTeX Graphics (DPC,SPQR)

("C:\Users\Marcin Michalski\AppData\Local\Programs\MiKTeX 2.9\tex/latex/graphic
s\trig.sty"
Package: trig 2016/01/03 v1.10 sin cos tan (DPC)
)
("C:\Users\Marcin Michalski\AppData\Local\Programs\MiKTeX 2.9\tex/latex/graphic
s-cfg\graphics.cfg"
File: graphics.cfg 2016/06/04 v1.11 sample graphics configuration
)
Package graphics Info: Driver file: pdftex.def on input line 105.

("C:\Users\Marcin Michalski\AppData\Local\Programs\MiKTeX 2.9\tex/latex/graphic
s-def\pdftex.def"
File: pdftex.def 2018/01/08 v1.0l Graphics/color driver for pdftex
))
\Gin@req@height=\dimen135
\Gin@req@width=\dimen136
)
("C:\Users\Marcin Michalski\AppData\Local\Programs\MiKTeX 2.9\tex/latex/pgf/fro
ntendlayer\tikz.sty"
("C:\Users\Marcin Michalski\AppData\Local\Programs\MiKTeX 2.9\tex/latex/pgf/bas
iclayer\pgf.sty"
("C:\Users\Marcin Michalski\AppData\Local\Programs\MiKTeX 2.9\tex/latex/pgf/uti
lities\pgfrcs.sty"
("C:\Users\Marcin Michalski\AppData\Local\Programs\MiKTeX 2.9\tex/generic/pgf/u
tilities\pgfutil-common.tex"
\pgfutil@everybye=\toks16
\pgfutil@tempdima=\dimen137
\pgfutil@tempdimb=\dimen138

("C:\Users\Marcin Michalski\AppData\Local\Programs\MiKTeX 2.9\tex/generic/pgf/u
tilities\pgfutil-common-lists.tex"))
("C:\Users\Marcin Michalski\AppData\Local\Programs\MiKTeX 2.9\tex/generic/pgf/u
tilities\pgfutil-latex.def"
\pgfutil@abb=\box45

("C:\Users\Marcin Michalski\AppData\Local\Programs\MiKTeX 2.9\tex/latex/ms\ever
yshi.sty"
Package: everyshi 2001/05/15 v3.00 EveryShipout Package (MS)
))
("C:\Users\Marcin Michalski\AppData\Local\Programs\MiKTeX 2.9\tex/generic/pgf/u
tilities\pgfrcs.code.tex"
("C:\Users\Marcin Michalski\AppData\Local\Programs\MiKTeX 2.9\tex/generic/pgf\p
gf.revision.tex")
Package: pgfrcs 2020/01/08 v3.1.5b (3.1.5b)
))
Package: pgf 2020/01/08 v3.1.5b (3.1.5b)

("C:\Users\Marcin Michalski\AppData\Local\Programs\MiKTeX 2.9\tex/latex/pgf/bas
iclayer\pgfcore.sty"
("C:\Users\Marcin Michalski\AppData\Local\Programs\MiKTeX 2.9\tex/latex/pgf/sys
temlayer\pgfsys.sty"
("C:\Users\Marcin Michalski\AppData\Local\Programs\MiKTeX 2.9\tex/generic/pgf/s
ystemlayer\pgfsys.code.tex"
Package: pgfsys 2020/01/08 v3.1.5b (3.1.5b)

("C:\Users\Marcin Michalski\AppData\Local\Programs\MiKTeX 2.9\tex/generic/pgf/u
tilities\pgfkeys.code.tex"
\pgfkeys@pathtoks=\toks17
\pgfkeys@temptoks=\toks18

("C:\Users\Marcin Michalski\AppData\Local\Programs\MiKTeX 2.9\tex/generic/pgf/u
tilities\pgfkeysfiltered.code.tex"
\pgfkeys@tmptoks=\toks19
))
\pgf@x=\dimen139
\pgf@y=\dimen140
\pgf@xa=\dimen141
\pgf@ya=\dimen142
\pgf@xb=\dimen143
\pgf@yb=\dimen144
\pgf@xc=\dimen145
\pgf@yc=\dimen146
\pgf@xd=\dimen147
\pgf@yd=\dimen148
\w@pgf@writea=\write3
\r@pgf@reada=\read2
\c@pgf@counta=\count175
\c@pgf@countb=\count176
\c@pgf@countc=\count177
\c@pgf@countd=\count178
\t@pgf@toka=\toks20
\t@pgf@tokb=\toks21
\t@pgf@tokc=\toks22
\pgf@sys@id@count=\count179

("C:\Users\Marcin Michalski\AppData\Local\Programs\MiKTeX 2.9\tex/generic/pgf/s
ystemlayer\pgf.cfg"
File: pgf.cfg 2020/01/08 v3.1.5b (3.1.5b)
)
Driver file for pgf: pgfsys-pdftex.def

("C:\Users\Marcin Michalski\AppData\Local\Programs\MiKTeX 2.9\tex/generic/pgf/s
ystemlayer\pgfsys-pdftex.def"
File: pgfsys-pdftex.def 2020/01/08 v3.1.5b (3.1.5b)

("C:\Users\Marcin Michalski\AppData\Local\Programs\MiKTeX 2.9\tex/generic/pgf/s
ystemlayer\pgfsys-common-pdf.def"
File: pgfsys-common-pdf.def 2020/01/08 v3.1.5b (3.1.5b)
)))
("C:\Users\Marcin Michalski\AppData\Local\Programs\MiKTeX 2.9\tex/generic/pgf/s
ystemlayer\pgfsyssoftpath.code.tex"
File: pgfsyssoftpath.code.tex 2020/01/08 v3.1.5b (3.1.5b)
\pgfsyssoftpath@smallbuffer@items=\count180
\pgfsyssoftpath@bigbuffer@items=\count181
)
("C:\Users\Marcin Michalski\AppData\Local\Programs\MiKTeX 2.9\tex/generic/pgf/s
ystemlayer\pgfsysprotocol.code.tex"
File: pgfsysprotocol.code.tex 2020/01/08 v3.1.5b (3.1.5b)
))
("C:\Users\Marcin Michalski\AppData\Local\Programs\MiKTeX 2.9\tex/latex/xcolor\
xcolor.sty"
Package: xcolor 2016/05/11 v2.12 LaTeX color extensions (UK)

("C:\Users\Marcin Michalski\AppData\Local\Programs\MiKTeX 2.9\tex/latex/graphic
s-cfg\color.cfg"
File: color.cfg 2016/01/02 v1.6 sample color configuration
)
Package xcolor Info: Driver file: pdftex.def on input line 225.
Package xcolor Info: Model `cmy' substituted by `cmy0' on input line 1348.
Package xcolor Info: Model `hsb' substituted by `rgb' on input line 1352.
Package xcolor Info: Model `RGB' extended on input line 1364.
Package xcolor Info: Model `HTML' substituted by `rgb' on input line 1366.
Package xcolor Info: Model `Hsb' substituted by `hsb' on input line 1367.
Package xcolor Info: Model `tHsb' substituted by `hsb' on input line 1368.
Package xcolor Info: Model `HSB' substituted by `hsb' on input line 1369.
Package xcolor Info: Model `Gray' substituted by `gray' on input line 1370.
Package xcolor Info: Model `wave' substituted by `hsb' on input line 1371.
)
("C:\Users\Marcin Michalski\AppData\Local\Programs\MiKTeX 2.9\tex/generic/pgf/b
asiclayer\pgfcore.code.tex"
Package: pgfcore 2020/01/08 v3.1.5b (3.1.5b)

("C:\Users\Marcin Michalski\AppData\Local\Programs\MiKTeX 2.9\tex/generic/pgf/m
ath\pgfmath.code.tex"
("C:\Users\Marcin Michalski\AppData\Local\Programs\MiKTeX 2.9\tex/generic/pgf/m
ath\pgfmathcalc.code.tex"
("C:\Users\Marcin Michalski\AppData\Local\Programs\MiKTeX 2.9\tex/generic/pgf/m
ath\pgfmathutil.code.tex")
("C:\Users\Marcin Michalski\AppData\Local\Programs\MiKTeX 2.9\tex/generic/pgf/m
ath\pgfmathparser.code.tex"
\pgfmath@dimen=\dimen149
\pgfmath@count=\count182
\pgfmath@box=\box46
\pgfmath@toks=\toks23
\pgfmath@stack@operand=\toks24
\pgfmath@stack@operation=\toks25
)
("C:\Users\Marcin Michalski\AppData\Local\Programs\MiKTeX 2.9\tex/generic/pgf/m
ath\pgfmathfunctions.code.tex"
("C:\Users\Marcin Michalski\AppData\Local\Programs\MiKTeX 2.9\tex/generic/pgf/m
ath\pgfmathfunctions.basic.code.tex")
("C:\Users\Marcin Michalski\AppData\Local\Programs\MiKTeX 2.9\tex/generic/pgf/m
ath\pgfmathfunctions.trigonometric.code.tex")
("C:\Users\Marcin Michalski\AppData\Local\Programs\MiKTeX 2.9\tex/generic/pgf/m
ath\pgfmathfunctions.random.code.tex")
("C:\Users\Marcin Michalski\AppData\Local\Programs\MiKTeX 2.9\tex/generic/pgf/m
ath\pgfmathfunctions.comparison.code.tex")
("C:\Users\Marcin Michalski\AppData\Local\Programs\MiKTeX 2.9\tex/generic/pgf/m
ath\pgfmathfunctions.base.code.tex")
("C:\Users\Marcin Michalski\AppData\Local\Programs\MiKTeX 2.9\tex/generic/pgf/m
ath\pgfmathfunctions.round.code.tex")
("C:\Users\Marcin Michalski\AppData\Local\Programs\MiKTeX 2.9\tex/generic/pgf/m
ath\pgfmathfunctions.misc.code.tex")
("C:\Users\Marcin Michalski\AppData\Local\Programs\MiKTeX 2.9\tex/generic/pgf/m
ath\pgfmathfunctions.integerarithmetics.code.tex")))
("C:\Users\Marcin Michalski\AppData\Local\Programs\MiKTeX 2.9\tex/generic/pgf/m
ath\pgfmathfloat.code.tex"
\c@pgfmathroundto@lastzeros=\count183
))
("C:\Users\Marcin Michalski\AppData\Local\Programs\MiKTeX 2.9\tex/generic/pgf/m
ath\pgfint.code.tex")
("C:\Users\Marcin Michalski\AppData\Local\Programs\MiKTeX 2.9\tex/generic/pgf/b
asiclayer\pgfcorepoints.code.tex"
File: pgfcorepoints.code.tex 2020/01/08 v3.1.5b (3.1.5b)
\pgf@picminx=\dimen150
\pgf@picmaxx=\dimen151
\pgf@picminy=\dimen152
\pgf@picmaxy=\dimen153
\pgf@pathminx=\dimen154
\pgf@pathmaxx=\dimen155
\pgf@pathminy=\dimen156
\pgf@pathmaxy=\dimen157
\pgf@xx=\dimen158
\pgf@xy=\dimen159
\pgf@yx=\dimen160
\pgf@yy=\dimen161
\pgf@zx=\dimen162
\pgf@zy=\dimen163
)
("C:\Users\Marcin Michalski\AppData\Local\Programs\MiKTeX 2.9\tex/generic/pgf/b
asiclayer\pgfcorepathconstruct.code.tex"
File: pgfcorepathconstruct.code.tex 2020/01/08 v3.1.5b (3.1.5b)
\pgf@path@lastx=\dimen164
\pgf@path@lasty=\dimen165
)
("C:\Users\Marcin Michalski\AppData\Local\Programs\MiKTeX 2.9\tex/generic/pgf/b
asiclayer\pgfcorepathusage.code.tex"
File: pgfcorepathusage.code.tex 2020/01/08 v3.1.5b (3.1.5b)
\pgf@shorten@end@additional=\dimen166
\pgf@shorten@start@additional=\dimen167
)
("C:\Users\Marcin Michalski\AppData\Local\Programs\MiKTeX 2.9\tex/generic/pgf/b
asiclayer\pgfcorescopes.code.tex"
File: pgfcorescopes.code.tex 2020/01/08 v3.1.5b (3.1.5b)
\pgfpic=\box47
\pgf@hbox=\box48
\pgf@layerbox@main=\box49
\pgf@picture@serial@count=\count184
)
("C:\Users\Marcin Michalski\AppData\Local\Programs\MiKTeX 2.9\tex/generic/pgf/b
asiclayer\pgfcoregraphicstate.code.tex"
File: pgfcoregraphicstate.code.tex 2020/01/08 v3.1.5b (3.1.5b)
\pgflinewidth=\dimen168
)
("C:\Users\Marcin Michalski\AppData\Local\Programs\MiKTeX 2.9\tex/generic/pgf/b
asiclayer\pgfcoretransformations.code.tex"
File: pgfcoretransformations.code.tex 2020/01/08 v3.1.5b (3.1.5b)
\pgf@pt@x=\dimen169
\pgf@pt@y=\dimen170
\pgf@pt@temp=\dimen171
)
("C:\Users\Marcin Michalski\AppData\Local\Programs\MiKTeX 2.9\tex/generic/pgf/b
asiclayer\pgfcorequick.code.tex"
File: pgfcorequick.code.tex 2020/01/08 v3.1.5b (3.1.5b)
)
("C:\Users\Marcin Michalski\AppData\Local\Programs\MiKTeX 2.9\tex/generic/pgf/b
asiclayer\pgfcoreobjects.code.tex"
File: pgfcoreobjects.code.tex 2020/01/08 v3.1.5b (3.1.5b)
)
("C:\Users\Marcin Michalski\AppData\Local\Programs\MiKTeX 2.9\tex/generic/pgf/b
asiclayer\pgfcorepathprocessing.code.tex"
File: pgfcorepathprocessing.code.tex 2020/01/08 v3.1.5b (3.1.5b)
)
("C:\Users\Marcin Michalski\AppData\Local\Programs\MiKTeX 2.9\tex/generic/pgf/b
asiclayer\pgfcorearrows.code.tex"
File: pgfcorearrows.code.tex 2020/01/08 v3.1.5b (3.1.5b)
\pgfarrowsep=\dimen172
)
("C:\Users\Marcin Michalski\AppData\Local\Programs\MiKTeX 2.9\tex/generic/pgf/b
asiclayer\pgfcoreshade.code.tex"
File: pgfcoreshade.code.tex 2020/01/08 v3.1.5b (3.1.5b)
\pgf@max=\dimen173
\pgf@sys@shading@range@num=\count185
\pgf@shadingcount=\count186
)
("C:\Users\Marcin Michalski\AppData\Local\Programs\MiKTeX 2.9\tex/generic/pgf/b
asiclayer\pgfcoreimage.code.tex"
File: pgfcoreimage.code.tex 2020/01/08 v3.1.5b (3.1.5b)

("C:\Users\Marcin Michalski\AppData\Local\Programs\MiKTeX 2.9\tex/generic/pgf/b
asiclayer\pgfcoreexternal.code.tex"
File: pgfcoreexternal.code.tex 2020/01/08 v3.1.5b (3.1.5b)
\pgfexternal@startupbox=\box50
))
("C:\Users\Marcin Michalski\AppData\Local\Programs\MiKTeX 2.9\tex/generic/pgf/b
asiclayer\pgfcorelayers.code.tex"
File: pgfcorelayers.code.tex 2020/01/08 v3.1.5b (3.1.5b)
)
("C:\Users\Marcin Michalski\AppData\Local\Programs\MiKTeX 2.9\tex/generic/pgf/b
asiclayer\pgfcoretransparency.code.tex"
File: pgfcoretransparency.code.tex 2020/01/08 v3.1.5b (3.1.5b)
)
("C:\Users\Marcin Michalski\AppData\Local\Programs\MiKTeX 2.9\tex/generic/pgf/b
asiclayer\pgfcorepatterns.code.tex"
File: pgfcorepatterns.code.tex 2020/01/08 v3.1.5b (3.1.5b)
)
("C:\Users\Marcin Michalski\AppData\Local\Programs\MiKTeX 2.9\tex/generic/pgf/b
asiclayer\pgfcorerdf.code.tex"
File: pgfcorerdf.code.tex 2020/01/08 v3.1.5b (3.1.5b)
)))
("C:\Users\Marcin Michalski\AppData\Local\Programs\MiKTeX 2.9\tex/generic/pgf/m
odules\pgfmoduleshapes.code.tex"
File: pgfmoduleshapes.code.tex 2020/01/08 v3.1.5b (3.1.5b)
\pgfnodeparttextbox=\box51
)
("C:\Users\Marcin Michalski\AppData\Local\Programs\MiKTeX 2.9\tex/generic/pgf/m
odules\pgfmoduleplot.code.tex"
File: pgfmoduleplot.code.tex 2020/01/08 v3.1.5b (3.1.5b)
)
("C:\Users\Marcin Michalski\AppData\Local\Programs\MiKTeX 2.9\tex/latex/pgf/com
patibility\pgfcomp-version-0-65.sty"
Package: pgfcomp-version-0-65 2020/01/08 v3.1.5b (3.1.5b)
\pgf@nodesepstart=\dimen174
\pgf@nodesepend=\dimen175
)
("C:\Users\Marcin Michalski\AppData\Local\Programs\MiKTeX 2.9\tex/latex/pgf/com
patibility\pgfcomp-version-1-18.sty"
Package: pgfcomp-version-1-18 2020/01/08 v3.1.5b (3.1.5b)
))
("C:\Users\Marcin Michalski\AppData\Local\Programs\MiKTeX 2.9\tex/latex/pgf/uti
lities\pgffor.sty"
("C:\Users\Marcin Michalski\AppData\Local\Programs\MiKTeX 2.9\tex/latex/pgf/uti
lities\pgfkeys.sty"
("C:\Users\Marcin Michalski\AppData\Local\Programs\MiKTeX 2.9\tex/generic/pgf/u
tilities\pgfkeys.code.tex"))
("C:\Users\Marcin Michalski\AppData\Local\Programs\MiKTeX 2.9\tex/latex/pgf/mat
h\pgfmath.sty"
("C:\Users\Marcin Michalski\AppData\Local\Programs\MiKTeX 2.9\tex/generic/pgf/m
ath\pgfmath.code.tex"))
("C:\Users\Marcin Michalski\AppData\Local\Programs\MiKTeX 2.9\tex/generic/pgf/u
tilities\pgffor.code.tex"
Package: pgffor 2020/01/08 v3.1.5b (3.1.5b)

("C:\Users\Marcin Michalski\AppData\Local\Programs\MiKTeX 2.9\tex/generic/pgf/m
ath\pgfmath.code.tex")
\pgffor@iter=\dimen176
\pgffor@skip=\dimen177
\pgffor@stack=\toks26
\pgffor@toks=\toks27
))
("C:\Users\Marcin Michalski\AppData\Local\Programs\MiKTeX 2.9\tex/generic/pgf/f
rontendlayer/tikz\tikz.code.tex"
Package: tikz 2020/01/08 v3.1.5b (3.1.5b)

("C:\Users\Marcin Michalski\AppData\Local\Programs\MiKTeX 2.9\tex/generic/pgf/l
ibraries\pgflibraryplothandlers.code.tex"
File: pgflibraryplothandlers.code.tex 2020/01/08 v3.1.5b (3.1.5b)
\pgf@plot@mark@count=\count187
\pgfplotmarksize=\dimen178
)
\tikz@lastx=\dimen179
\tikz@lasty=\dimen180
\tikz@lastxsaved=\dimen181
\tikz@lastysaved=\dimen182
\tikz@lastmovetox=\dimen183
\tikz@lastmovetoy=\dimen184
\tikzleveldistance=\dimen185
\tikzsiblingdistance=\dimen186
\tikz@figbox=\box52
\tikz@figbox@bg=\box53
\tikz@tempbox=\box54
\tikz@tempbox@bg=\box55
\tikztreelevel=\count188
\tikznumberofchildren=\count189
\tikznumberofcurrentchild=\count190
\tikz@fig@count=\count191

("C:\Users\Marcin Michalski\AppData\Local\Programs\MiKTeX 2.9\tex/generic/pgf/m
odules\pgfmodulematrix.code.tex"
File: pgfmodulematrix.code.tex 2020/01/08 v3.1.5b (3.1.5b)
\pgfmatrixcurrentrow=\count192
\pgfmatrixcurrentcolumn=\count193
\pgf@matrix@numberofcolumns=\count194
)
\tikz@expandcount=\count195

("C:\Users\Marcin Michalski\AppData\Local\Programs\MiKTeX 2.9\tex/generic/pgf/f
rontendlayer/tikz/libraries\tikzlibrarytopaths.code.tex"
File: tikzlibrarytopaths.code.tex 2020/01/08 v3.1.5b (3.1.5b)
)))
("C:\Users\Marcin Michalski\AppData\Local\Programs\MiKTeX 2.9\tex/generic/pgfpl
ots\pgfplots.code.tex"
("C:\Users\Marcin Michalski\AppData\Local\Programs\MiKTeX 2.9\tex/generic/pgfpl
ots\pgfplotscore.code.tex"
\t@pgfplots@toka=\toks28
\t@pgfplots@tokb=\toks29
\t@pgfplots@tokc=\toks30
\pgfplots@tmpa=\dimen187
\c@pgfplots@coordindex=\count196
\c@pgfplots@scanlineindex=\count197

("C:\Users\Marcin Michalski\AppData\Local\Programs\MiKTeX 2.9\tex/generic/pgfpl
ots/sys\pgfplotssysgeneric.code.tex"))
("C:\Users\Marcin Michalski\AppData\Local\Programs\MiKTeX 2.9\tex/generic/pgfpl
ots/libs\pgfplotslibrary.code.tex")
("C:\Users\Marcin Michalski\AppData\Local\Programs\MiKTeX 2.9\tex/generic/pgfpl
ots/oldpgfcompatib\pgfplotsoldpgfsupp_loader.code.tex"
("C:\Users\Marcin Michalski\AppData\Local\Programs\MiKTeX 2.9\tex/generic/pgf/l
ibraries\pgflibraryfpu.code.tex"))
("C:\Users\Marcin Michalski\AppData\Local\Programs\MiKTeX 2.9\tex/generic/pgfpl
ots/util\pgfplotsutil.code.tex"
("C:\Users\Marcin Michalski\AppData\Local\Programs\MiKTeX 2.9\tex/generic/pgfpl
ots/liststructure\pgfplotsliststructure.code.tex")
("C:\Users\Marcin Michalski\AppData\Local\Programs\MiKTeX 2.9\tex/generic/pgfpl
ots/liststructure\pgfplotsliststructureext.code.tex")
("C:\Users\Marcin Michalski\AppData\Local\Programs\MiKTeX 2.9\tex/generic/pgfpl
ots/liststructure\pgfplotsarray.code.tex"
\c@pgfplotsarray@tmp=\count198
)
("C:\Users\Marcin Michalski\AppData\Local\Programs\MiKTeX 2.9\tex/generic/pgfpl
ots/liststructure\pgfplotsmatrix.code.tex")
("C:\Users\Marcin Michalski\AppData\Local\Programs\MiKTeX 2.9\tex/generic/pgfpl
ots/numtable\pgfplotstableshared.code.tex"
\c@pgfplotstable@counta=\count199
\t@pgfplotstable@a=\toks31
)
("C:\Users\Marcin Michalski\AppData\Local\Programs\MiKTeX 2.9\tex/generic/pgfpl
ots/liststructure\pgfplotsdeque.code.tex")
("C:\Users\Marcin Michalski\AppData\Local\Programs\MiKTeX 2.9\tex/generic/pgfpl
ots/util\pgfplotsbinary.code.tex"
("C:\Users\Marcin Michalski\AppData\Local\Programs\MiKTeX 2.9\tex/generic/pgfpl
ots/util\pgfplotsbinary.data.code.tex"))
("C:\Users\Marcin Michalski\AppData\Local\Programs\MiKTeX 2.9\tex/generic/pgfpl
ots/util\pgfplotsutil.verb.code.tex")
("C:\Users\Marcin Michalski\AppData\Local\Programs\MiKTeX 2.9\tex/generic/pgfpl
ots/libs\pgflibrarypgfplots.surfshading.code.tex"
\c@pgfplotslibrarysurf@no=\count266

("C:\Users\Marcin Michalski\AppData\Local\Programs\MiKTeX 2.9\tex/generic/pgfpl
ots/sys\pgflibrarypgfplots.surfshading.pgfsys-pdftex.def")))
("C:\Users\Marcin Michalski\AppData\Local\Programs\MiKTeX 2.9\tex/generic/pgfpl
ots/util\pgfplotscolormap.code.tex"
("C:\Users\Marcin Michalski\AppData\Local\Programs\MiKTeX 2.9\tex/generic/pgfpl
ots/util\pgfplotscolor.code.tex"))
("C:\Users\Marcin Michalski\AppData\Local\Programs\MiKTeX 2.9\tex/generic/pgfpl
ots\pgfplotsstackedplots.code.tex")
("C:\Users\Marcin Michalski\AppData\Local\Programs\MiKTeX 2.9\tex/generic/pgfpl
ots\pgfplotsplothandlers.code.tex"
("C:\Users\Marcin Michalski\AppData\Local\Programs\MiKTeX 2.9\tex/generic/pgfpl
ots\pgfplotsmeshplothandler.code.tex"
("C:\Users\Marcin Michalski\AppData\Local\Programs\MiKTeX 2.9\tex/generic/pgfpl
ots\pgfplotsmeshplotimage.code.tex")))
("C:\Users\Marcin Michalski\AppData\Local\Programs\MiKTeX 2.9\tex/generic/pgfpl
ots\pgfplots.scaling.code.tex")
("C:\Users\Marcin Michalski\AppData\Local\Programs\MiKTeX 2.9\tex/generic/pgfpl
ots\pgfplotscoordprocessing.code.tex")
("C:\Users\Marcin Michalski\AppData\Local\Programs\MiKTeX 2.9\tex/generic/pgfpl
ots\pgfplots.errorbars.code.tex")
("C:\Users\Marcin Michalski\AppData\Local\Programs\MiKTeX 2.9\tex/generic/pgfpl
ots\pgfplots.markers.code.tex")
("C:\Users\Marcin Michalski\AppData\Local\Programs\MiKTeX 2.9\tex/generic/pgfpl
ots\pgfplotsticks.code.tex")
("C:\Users\Marcin Michalski\AppData\Local\Programs\MiKTeX 2.9\tex/generic/pgfpl
ots\pgfplots.paths.code.tex")
("C:\Users\Marcin Michalski\AppData\Local\Programs\MiKTeX 2.9\tex/generic/pgf/f
rontendlayer/tikz/libraries\tikzlibrarydecorations.code.tex"
("C:\Users\Marcin Michalski\AppData\Local\Programs\MiKTeX 2.9\tex/generic/pgf/m
odules\pgfmoduledecorations.code.tex"
\pgfdecoratedcompleteddistance=\dimen188
\pgfdecoratedremainingdistance=\dimen189
\pgfdecoratedinputsegmentcompleteddistance=\dimen190
\pgfdecoratedinputsegmentremainingdistance=\dimen191
\pgf@decorate@distancetomove=\dimen192
\pgf@decorate@repeatstate=\count267
\pgfdecorationsegmentamplitude=\dimen193
\pgfdecorationsegmentlength=\dimen194
)
\tikz@lib@dec@box=\box56
)
("C:\Users\Marcin Michalski\AppData\Local\Programs\MiKTeX 2.9\tex/generic/pgf/f
rontendlayer/tikz/libraries\tikzlibrarydecorations.pathmorphing.code.tex"
("C:\Users\Marcin Michalski\AppData\Local\Programs\MiKTeX 2.9\tex/generic/pgf/l
ibraries/decorations\pgflibrarydecorations.pathmorphing.code.tex"))
("C:\Users\Marcin Michalski\AppData\Local\Programs\MiKTeX 2.9\tex/generic/pgf/f
rontendlayer/tikz/libraries\tikzlibrarydecorations.pathreplacing.code.tex"
("C:\Users\Marcin Michalski\AppData\Local\Programs\MiKTeX 2.9\tex/generic/pgf/l
ibraries/decorations\pgflibrarydecorations.pathreplacing.code.tex"))
\pgfplots@numplots=\count268
\pgfplots@xmin@reg=\dimen195
\pgfplots@xmax@reg=\dimen196
\pgfplots@ymin@reg=\dimen197
\pgfplots@ymax@reg=\dimen198
\pgfplots@zmin@reg=\dimen199
\pgfplots@zmax@reg=\dimen256
)
("C:\Users\Marcin Michalski\AppData\Local\Programs\MiKTeX 2.9\tex/generic/pgf/f
rontendlayer/tikz/libraries\tikzlibraryplotmarks.code.tex"
File: tikzlibraryplotmarks.code.tex 2020/01/08 v3.1.5b (3.1.5b)

("C:\Users\Marcin Michalski\AppData\Local\Programs\MiKTeX 2.9\tex/generic/pgf/l
ibraries\pgflibraryplotmarks.code.tex"
File: pgflibraryplotmarks.code.tex 2020/01/08 v3.1.5b (3.1.5b)
)))
("C:\Users\Marcin Michalski\AppData\Local\Programs\MiKTeX 2.9\tex/latex/siunitx
\siunitx.sty"
("C:\Users\Marcin Michalski\AppData\Local\Programs\MiKTeX 2.9\tex/latex/l3kerne
l\expl3.sty"
Package: expl3 2020-03-06 L3 programming layer (loader) 

("C:\Users\Marcin Michalski\AppData\Local\Programs\MiKTeX 2.9\tex/latex/l3backe
nd\l3backend-pdfmode.def"
File: l3backend-pdfmode.def 2020-03-12 L3 backend support: PDF mode
\l__kernel_color_stack_int=\count269
\l__pdf_internal_box=\box57
))
("C:\Users\Marcin Michalski\AppData\Local\Programs\MiKTeX 2.9\tex/latex/l3packa
ges/xparse\xparse.sty"
Package: xparse 2020-03-06 L3 Experimental document command parser
\l__xparse_current_arg_int=\count270
\g__xparse_grabber_int=\count271
\l__xparse_m_args_int=\count272
\l__xparse_v_nesting_int=\count273
)
Package: siunitx 2020/02/25 v2.8b A comprehensive (SI) units package

("C:\Users\Marcin Michalski\AppData\Local\Programs\MiKTeX 2.9\tex/latex/amsmath
\amstext.sty"
Package: amstext 2000/06/29 v2.01 AMS text

("C:\Users\Marcin Michalski\AppData\Local\Programs\MiKTeX 2.9\tex/latex/amsmath
\amsgen.sty"
File: amsgen.sty 1999/11/30 v2.0 generic functions
\@emptytoks=\toks32
\ex@=\dimen257
))
("C:\Users\Marcin Michalski\AppData\Local\Programs\MiKTeX 2.9\tex/latex/tools\a
rray.sty"
Package: array 2019/08/31 v2.4l Tabular extension package (FMi)
\col@sep=\dimen258
\ar@mcellbox=\box58
\extrarowheight=\dimen259
\NC@list=\toks33
\extratabsurround=\skip49
\backup@length=\skip50
\ar@cellbox=\box59
)
("C:\Users\Marcin Michalski\AppData\Local\Programs\MiKTeX 2.9\tex/latex/l3packa
ges/l3keys2e\l3keys2e.sty"
Package: l3keys2e 2020-03-06 LaTeX2e option processing using LaTeX3 keys
)
\l__siunitx_tmp_box=\box60
\l__siunitx_tmp_dim=\dimen260
\l__siunitx_tmp_int=\count274
\l__siunitx_number_mantissa_length_int=\count275
\l__siunitx_number_uncert_length_int=\count276
\l__siunitx_round_int=\count277
\l__siunitx_process_decimal_int=\count278
\l__siunitx_process_uncertainty_int=\count279
\l__siunitx_process_fixed_int=\count280
\l__siunitx_process_integer_min_int=\count281
\l__siunitx_process_precision_int=\count282
\l__siunitx_group_min_int=\count283
\l__siunitx_angle_marker_box=\box61
\l__siunitx_angle_unit_box=\box62
\l__siunitx_angle_marker_dim=\dimen261
\l__siunitx_angle_unit_dim=\dimen262
\l__siunitx_unit_int=\count284
\l__siunitx_unit_denominator_int=\count285
\l__siunitx_unit_numerator_int=\count286
\l__siunitx_unit_prefix_int=\count287
\l__siunitx_unit_prefix_base_int=\count288
\l__siunitx_unit_prefix_gram_int=\count289
\l__siunitx_number_product_int=\count290
\c__siunitx_one_fill_skip=\skip51
\l__siunitx_table_unit_align_skip=\skip52
\l__siunitx_table_exponent_dim=\dimen263
\l__siunitx_table_integer_dim=\dimen264
\l__siunitx_table_mantissa_dim=\dimen265
\l__siunitx_table_marker_dim=\dimen266
\l__siunitx_table_result_dim=\dimen267
\l__siunitx_table_uncert_dim=\dimen268
\l__siunitx_table_fill_pre_dim=\dimen269
\l__siunitx_table_fill_post_dim=\dimen270
\l__siunitx_table_fill_mid_dim=\dimen271
\l__siunitx_table_pre_box=\box63
\l__siunitx_table_post_box=\box64
\l__siunitx_table_mantissa_box=\box65
\l__siunitx_table_result_box=\box66
\l__siunitx_table_number_align_skip=\skip53
\l__siunitx_table_text_align_skip=\skip54

("C:\Users\Marcin Michalski\AppData\Local\Programs\MiKTeX 2.9\tex/latex/transla
tor\translator.sty"
Package: translator 2019-05-31 v1.12a Easy translation of strings in LaTeX
))
("C:\Users\Marcin Michalski\AppData\Local\Programs\MiKTeX 2.9\tex/generic/pgfpl
ots/libs\tikzlibrarypgfplots.groupplots.code.tex"
\pgfplots@group@current@plot=\count291
\pgfplots@group@current@row=\count292
\pgfplots@group@current@column=\count293

("C:\Users\Marcin Michalski\AppData\Local\Programs\MiKTeX 2.9\tex/generic/pgf/f
rontendlayer/tikz/libraries\tikzlibrarycalc.code.tex"
File: tikzlibrarycalc.code.tex 2020/01/08 v3.1.5b (3.1.5b)
))
("C:\Users\Marcin Michalski\AppData\Local\Programs\MiKTeX 2.9\tex/generic/pgfpl
ots/libs\tikzlibrarypgfplots.external.code.tex"
("C:\Users\Marcin Michalski\AppData\Local\Programs\MiKTeX 2.9\tex/latex/pgf/fro
ntendlayer/libraries\tikzlibraryexternal.code.tex"
("C:\Users\Marcin Michalski\AppData\Local\Programs\MiKTeX 2.9\tex/latex/pdftexc
mds\pdftexcmds.sty"
Package: pdftexcmds 2019/11/24 v0.31 Utility functions of pdfTeX for LuaTeX (HO
)

("C:\Users\Marcin Michalski\AppData\Local\Programs\MiKTeX 2.9\tex/generic/infwa
rerr\infwarerr.sty"
Package: infwarerr 2019/12/03 v1.5 Providing info/warning/error messages (HO)
)
("C:\Users\Marcin Michalski\AppData\Local\Programs\MiKTeX 2.9\tex/generic/iftex
\iftex.sty"
Package: iftex 2020/03/06 v1.0d TeX engine tests
)
("C:\Users\Marcin Michalski\AppData\Local\Programs\MiKTeX 2.9\tex/generic/ltxcm
ds\ltxcmds.sty"
Package: ltxcmds 2019/12/15 v1.24 LaTeX kernel commands for general use (HO)
)
Package pdftexcmds Info: \pdf@primitive is available.
Package pdftexcmds Info: \pdf@ifprimitive is available.
Package pdftexcmds Info: \pdfdraftmode found.
)
("C:\Users\Marcin Michalski\AppData\Local\Programs\MiKTeX 2.9\tex/latex/atverye
nd\atveryend.sty"
Package: atveryend 2019-12-11 v1.11 Hooks at the very end of document (HO)
Package atveryend Info: \enddocument detected (standard20110627).
)
("C:\Users\Marcin Michalski\AppData\Local\Programs\MiKTeX 2.9\tex/generic/pgf/f
rontendlayer/tikz/libraries\tikzexternalshared.code.tex")))
\openout3 = `zapisz_pdf_funkcje.auxlock'.


(zapisz_pdf_funkcje.aux)
\openout1 = `zapisz_pdf_funkcje.aux'.

LaTeX Font Info:    Checking defaults for OML/cmm/m/it on input line 22.
LaTeX Font Info:    ... okay on input line 22.
LaTeX Font Info:    Checking defaults for OMS/cmsy/m/n on input line 22.
LaTeX Font Info:    ... okay on input line 22.
LaTeX Font Info:    Checking defaults for OT1/cmr/m/n on input line 22.
LaTeX Font Info:    ... okay on input line 22.
LaTeX Font Info:    Checking defaults for T1/cmr/m/n on input line 22.
LaTeX Font Info:    ... okay on input line 22.
LaTeX Font Info:    Checking defaults for TS1/cmr/m/n on input line 22.
LaTeX Font Info:    ... okay on input line 22.
LaTeX Font Info:    Checking defaults for OMX/cmex/m/n on input line 22.
LaTeX Font Info:    ... okay on input line 22.
LaTeX Font Info:    Checking defaults for U/cmr/m/n on input line 22.
LaTeX Font Info:    ... okay on input line 22.

("C:\Users\Marcin Michalski\AppData\Local\Programs\MiKTeX 2.9\tex/context/base/
mkii\supp-pdf.mkii"
[Loading MPS to PDF converter (version 2006.09.02).]
\scratchcounter=\count294
\scratchdimen=\dimen272
\scratchbox=\box67
\nofMPsegments=\count295
\nofMParguments=\count296
\everyMPshowfont=\toks34
\MPscratchCnt=\count297
\MPscratchDim=\dimen273
\MPnumerator=\count298
\makeMPintoPDFobject=\count299
\everyMPtoPDFconversion=\toks35
)
("C:\Users\Marcin Michalski\AppData\Local\Programs\MiKTeX 2.9\tex/latex/epstopd
f-pkg\epstopdf-base.sty"
Package: epstopdf-base 2020-01-24 v2.11 Base part for package epstopdf
Package epstopdf-base Info: Redefining graphics rule for `.eps' on input line 4
85.
) ABD: EveryShipout initializing macros
Package pgfplots notification 'compat/show suggested version=true': you might b
enefit from \pgfplotsset{compat=1.17} (current compat level: 1.11).


("C:\Users\Marcin Michalski\AppData\Local\Programs\MiKTeX 2.9\tex/latex/transla
tor\translator-basic-dictionary-English.dict"
Dictionary: translator-basic-dictionary, Language: English 
)
("C:\Users\Marcin Michalski\AppData\Local\Programs\MiKTeX 2.9\tex/latex/siunitx
\siunitx-abbreviations.cfg"
File: siunitx-abbreviations.cfg 2017/11/26 v2.7k siunitx: Abbreviated units
)
("C:\Users\Marcin Michalski\AppData\Local\Programs\MiKTeX 2.9\tex/latex/siunitx
\siunitx-binary.cfg"
File: siunitx-binary.cfg 2017/11/26 v2.7k siunitx: Binary units
)
LaTeX Font Info:    External font `cmex10' loaded for size
(Font)              <10.95> on input line 22.
LaTeX Font Info:    External font `cmex10' loaded for size
(Font)              <8> on input line 22.
LaTeX Font Info:    External font `cmex10' loaded for size
(Font)              <6> on input line 22.
\openout3 = `zapisz_pdf_funkcje-figure0.md5'.

\openout3 = `zapisz_pdf_funkcje.auxlock'.


===== 'mode=convert with system call': Invoking 'pdflatex -halt-on-error -inter
action=batchmode -jobname "zapisz_pdf_funkcje-figure0" "\def\tikzexternalrealjo
b{zapisz_pdf_funkcje}\input{zapisz_pdf_funkcje}"' ========
runsystem(pdflatex -halt-on-error -interaction=batchmode -jobname "zapisz_pdf_f
unkcje-figure0" "\def\tikzexternalrealjob{zapisz_pdf_funkcje}\input{zapisz_pdf_
funkcje}")...disabled (restricted).

\openout3 = `zapisz_pdf_funkcje.auxlock'.


! Package tikz Error: Sorry, the system call 'pdflatex -halt-on-error -interact
ion=batchmode -jobname "zapisz_pdf_funkcje-figure0" "\def\tikzexternalrealjob{z
apisz_pdf_funkcje}\input{zapisz_pdf_funkcje}"' did NOT result in a usable outpu
t file 'zapisz_pdf_funkcje-figure0' (expected one of .pdf:.jpg:.jpeg:.png:). Pl
ease verify that you have enabled system calls. For pdflatex, this is 'pdflatex
 -shell-escape'. Sometimes it is also named 'write 18' or something like that. 
Or maybe the command simply failed? Error messages can be found in 'zapisz_pdf_
funkcje-figure0.log'. If you continue now, I'll try to typeset the picture.

See the tikz package documentation for explanation.
Type  H <return>  for immediate help.
 ...                                              
                                                  
l.42 \end{tikzpicture}
                      
This error message was generated by an \errmessage
command, so I can't give any explicit help.
Pretend that you're Hercule Poirot: Examine all clues,
and deduce the truth by order and method.

PGFPlots: reading {../dane_stat/dane_fx.txt}
PGFPlots: reading {../dane_stat/dane_gx.txt}
LaTeX Font Info:    External font `cmex10' loaded for size
(Font)              <5> on input line 1.
LaTeX Font Info:    External font `cmex10' loaded for size
(Font)              <9> on input line 1.
[1{C:/Users/Marcin Michalski/AppData/Local/MiKTeX/2.9/pdftex/config/pdftex.map}
]
Package atveryend Info: Empty hook `BeforeClearDocument' on input line 46.
Package atveryend Info: Empty hook `AfterLastShipout' on input line 46.
 (zapisz_pdf_funkcje.aux)
Package atveryend Info: Executing hook `AtVeryEndDocument' on input line 46.
Package atveryend Info: Empty hook `AtEndAfterFileList' on input line 46.
Package atveryend Info: Empty hook `AtVeryVeryEnd' on input line 46.
 ) 
Here is how much of TeX's memory you used:
 25474 strings out of 480934
 698398 string characters out of 2894767
 988496 words of memory out of 3000000
 40945 multiletter control sequences out of 15000+200000
 538339 words of font info for 46 fonts, out of 3000000 for 9000
 1141 hyphenation exceptions out of 8191
 68i,20n,100p,737b,2188s stack positions out of 5000i,500n,10000p,200000b,50000s
<C:/Users/Marcin Michalski/AppData/Local/Programs/MiKTeX 2.9/fonts/type1/publ
ic/amsfonts/cm/cmmi9.pfb><C:/Users/Marcin Michalski/AppData/Local/Programs/MiKT
eX 2.9/fonts/type1/public/amsfonts/cm/cmr10.pfb><C:/Users/Marcin Michalski/AppD
ata/Local/Programs/MiKTeX 2.9/fonts/type1/public/amsfonts/cm/cmr6.pfb><C:/Users
/Marcin Michalski/AppData/Local/Programs/MiKTeX 2.9/fonts/type1/public/amsfonts
/cm/cmr9.pfb><C:/Users/Marcin Michalski/AppData/Local/Programs/MiKTeX 2.9/fonts
/type1/public/amsfonts/cm/cmsy6.pfb>
Output written on zapisz_pdf_funkcje.pdf (1 page, 41568 bytes).
PDF statistics:
 29 PDF objects out of 1000 (max. 8388607)
 0 named destinations out of 1000 (max. 500000)
 13 words of extra memory for PDF output out of 10000 (max. 10000000)

